<?xml version="1.0" encoding="UTF-8"?>
<!-- Generated by org.testng.reporters.JUnitXMLReporter -->
<testsuite ignored="0" hostname="DESKTOP-J7DRRNI" failures="2" tests="4" name="Test" time="206.934" errors="0" timestamp="2020-12-30T19:29:41 IST">
  <testcase classname="com.practo.testScripts.practoLogin" name="login" time="14.209">
    <failure type="java.lang.AssertionError" message="null">
      <![CDATA[java.lang.AssertionError: null
at com.practo.testScripts.practoLogin.login(practoLogin.java:23)
at java.base/java.util.ArrayList.forEach(ArrayList.java:1511)
... Removed 29 stack frames]]>
    </failure>
  </testcase> <!-- login -->
  <testcase classname="com.practo.testScripts.setLocation" name="setLoc" time="17.564"/>
  <testcase classname="com.practo.testScripts.bookAppointmentFor" name="setAppointment" time="18.249">
    <failure type="java.lang.AssertionError" message="null">
      <![CDATA[java.lang.AssertionError: null
at com.practo.testScripts.bookAppointmentFor.setAppointment(bookAppointmentFor.java:43)
at java.base/java.util.ArrayList.forEach(ArrayList.java:1511)
... Removed 29 stack frames]]>
    </failure>
  </testcase> <!-- setAppointment -->
  <testcase classname="com.practo.testScripts.practoLoginLogin" name="credForLogin" time="16.803"/>
</testsuite> <!-- Test -->
