<?xml version="1.0" encoding="UTF-8"?>
<testng-results ignored="0" total="1" passed="1" failed="0" skipped="0">
  <reporter-output>
  </reporter-output>
  <suite started-at="2020-12-30T12:21:00 IST" name="Default suite" finished-at="2020-12-30T12:21:43 IST" duration-ms="42920">
    <groups>
    </groups>
    <test started-at="2020-12-30T12:21:00 IST" name="Default test" finished-at="2020-12-30T12:21:43 IST" duration-ms="42920">
      <class name="com.practo.testScripts.practoLoginLogin">
        <test-method is-config="true" signature="launchBrowser()[pri:0, instance:com.practo.testScripts.practoLoginLogin@1677d1]" started-at="2020-12-30T12:21:00 IST" name="launchBrowser" finished-at="2020-12-30T12:21:34 IST" duration-ms="33131" status="PASS">
          <reporter-output>
          </reporter-output>
        </test-method> <!-- launchBrowser -->
        <test-method signature="credForLogin()[pri:0, instance:com.practo.testScripts.practoLoginLogin@1677d1]" started-at="2020-12-30T12:21:34 IST" name="credForLogin" finished-at="2020-12-30T12:21:41 IST" duration-ms="7752" status="PASS">
          <reporter-output>
          </reporter-output>
        </test-method> <!-- credForLogin -->
        <test-method is-config="true" signature="tearDown()[pri:0, instance:com.practo.testScripts.practoLoginLogin@1677d1]" started-at="2020-12-30T12:21:41 IST" name="tearDown" finished-at="2020-12-30T12:21:43 IST" duration-ms="1941" status="PASS">
          <reporter-output>
          </reporter-output>
        </test-method> <!-- tearDown -->
      </class> <!-- com.practo.testScripts.practoLoginLogin -->
    </test> <!-- Default test -->
  </suite> <!-- Default suite -->
</testng-results>
